<?xml version="1.0" encoding="UTF-8"?>
<testng-results ignored="0" total="1" passed="1" failed="0" skipped="0">
  <reporter-output>
  </reporter-output>
  <suite started-at="2021-02-17T13:07:34 EST" name="Suite" finished-at="2021-02-17T13:07:45 EST" duration-ms="11570">
    <groups>
    </groups>
    <test started-at="2021-02-17T13:07:34 EST" name="Test" finished-at="2021-02-17T13:07:45 EST" duration-ms="11570">
      <class name="testScripts.newToursSignInValidation_Script">
        <test-method is-config="true" signature="setup_Fun(java.lang.String, java.lang.String)[pri:0, instance:testScripts.newToursSignInValidation_Script@74e52303]" started-at="2021-02-17T13:07:27 EST" name="setup_Fun" finished-at="2021-02-17T13:07:34 EST" duration-ms="6678" status="PASS">
          <params>
            <param index="0">
              <value>
                <![CDATA[Edge]]>
              </value>
            </param>
            <param index="1">
              <value>
                <![CDATA[TestingInChromeBrowser]]>
              </value>
            </param>
          </params>
          <reporter-output>
          </reporter-output>
        </test-method> <!-- setup_Fun -->
        <test-method is-config="true" signature="Open_And_LaunchApp()[pri:0, instance:testScripts.newToursSignInValidation_Script@74e52303]" started-at="2021-02-17T13:07:34 EST" name="Open_And_LaunchApp" finished-at="2021-02-17T13:07:42 EST" duration-ms="7973" status="PASS">
          <reporter-output>
          </reporter-output>
        </test-method> <!-- Open_And_LaunchApp -->
        <test-method signature="SignIn()[pri:0, instance:testScripts.newToursSignInValidation_Script@74e52303]" started-at="2021-02-17T13:07:42 EST" name="SignIn" finished-at="2021-02-17T13:07:45 EST" duration-ms="2986" status="PASS">
          <reporter-output>
          </reporter-output>
        </test-method> <!-- SignIn -->
        <test-method is-config="true" signature="TearDown()[pri:0, instance:testScripts.newToursSignInValidation_Script@74e52303]" started-at="2021-02-17T13:07:45 EST" name="TearDown" finished-at="2021-02-17T13:07:45 EST" duration-ms="576" status="PASS">
          <reporter-output>
          </reporter-output>
        </test-method> <!-- TearDown -->
      </class> <!-- testScripts.newToursSignInValidation_Script -->
    </test> <!-- Test -->
  </suite> <!-- Suite -->
</testng-results>
